2023-07-17 04:45:41,941 [INFO] com.propertyEye.propertySystem.PropertyEyeApplication [main] Starting PropertyEyeApplication using Java 17.0.7 with PID 11868 (D:\propertySystem\target\classes started by HP in D:\propertySystem)
2023-07-17 04:45:41,948 [INFO] com.propertyEye.propertySystem.PropertyEyeApplication [main] No active profile set, falling back to 1 default profile: "default"
2023-07-17 04:45:43,395 [INFO] org.springframework.data.repository.config.RepositoryConfigurationDelegate [main] Bootstrapping Spring Data JPA repositories in DEFAULT mode.
2023-07-17 04:45:43,509 [INFO] org.springframework.data.repository.config.RepositoryConfigurationDelegate [main] Finished Spring Data repository scanning in 94 ms. Found 3 JPA repository interfaces.
2023-07-17 04:45:44,453 [INFO] org.springframework.boot.web.embedded.tomcat.TomcatWebServer [main] Tomcat initialized with port(s): 8081 (http)
2023-07-17 04:45:44,471 [INFO] org.apache.catalina.core.StandardService [main] Starting service [Tomcat]
2023-07-17 04:45:44,472 [INFO] org.apache.catalina.core.StandardEngine [main] Starting Servlet engine: [Apache Tomcat/10.1.8]
2023-07-17 04:45:44,669 [INFO] org.apache.catalina.core.ContainerBase.[Tomcat].[localhost].[/] [main] Initializing Spring embedded WebApplicationContext
2023-07-17 04:45:44,670 [INFO] org.springframework.boot.web.servlet.context.ServletWebServerApplicationContext [main] Root WebApplicationContext: initialization completed in 2587 ms
2023-07-17 04:45:44,913 [INFO] org.hibernate.jpa.internal.util.LogHelper [main] HHH000204: Processing PersistenceUnitInfo [name: default]
2023-07-17 04:45:44,993 [INFO] org.hibernate.Version [main] HHH000412: Hibernate ORM core version 6.2.2.Final
2023-07-17 04:45:44,997 [INFO] org.hibernate.cfg.Environment [main] HHH000406: Using bytecode reflection optimizer
2023-07-17 04:45:45,194 [INFO] org.hibernate.bytecode.internal.BytecodeProviderInitiator [main] HHH000021: Bytecode provider name : bytebuddy
2023-07-17 04:45:45,382 [INFO] org.springframework.orm.jpa.persistenceunit.SpringPersistenceUnitInfo [main] No LoadTimeWeaver setup: ignoring JPA class transformer
2023-07-17 04:45:45,407 [INFO] com.zaxxer.hikari.HikariDataSource [main] HikariPool-1 - Starting...
2023-07-17 04:45:45,888 [INFO] com.zaxxer.hikari.pool.HikariPool [main] HikariPool-1 - Added connection com.mysql.cj.jdbc.ConnectionImpl@3355168
2023-07-17 04:45:45,893 [INFO] com.zaxxer.hikari.HikariDataSource [main] HikariPool-1 - Start completed.
2023-07-17 04:45:45,958 [INFO] org.hibernate.orm.dialect [main] HHH035001: Using dialect: org.hibernate.dialect.MySQL8Dialect, version: 8.0
2023-07-17 04:45:45,961 [WARN] org.hibernate.orm.deprecation [main] HHH90000026: MySQL8Dialect has been deprecated; use org.hibernate.dialect.MySQLDialect instead
2023-07-17 04:45:46,456 [INFO] org.hibernate.bytecode.internal.BytecodeProviderInitiator [main] HHH000021: Bytecode provider name : bytebuddy
2023-07-17 04:45:47,407 [INFO] org.hibernate.engine.transaction.jta.platform.internal.JtaPlatformInitiator [main] HHH000490: Using JtaPlatform implementation: [org.hibernate.engine.transaction.jta.platform.internal.NoJtaPlatform]
2023-07-17 04:45:47,562 [INFO] org.springframework.orm.jpa.LocalContainerEntityManagerFactoryBean [main] Initialized JPA EntityManagerFactory for persistence unit 'default'
2023-07-17 04:45:48,193 [INFO] org.springframework.data.jpa.repository.query.QueryEnhancerFactory [main] Hibernate is in classpath; If applicable, HQL parser will be used.
2023-07-17 04:45:48,856 [WARN] org.springframework.boot.autoconfigure.orm.jpa.JpaBaseConfiguration$JpaWebConfiguration [main] spring.jpa.open-in-view is enabled by default. Therefore, database queries may be performed during view rendering. Explicitly configure spring.jpa.open-in-view to disable this warning
2023-07-17 04:45:50,689 [INFO] org.springframework.boot.web.embedded.tomcat.TomcatWebServer [main] Tomcat started on port(s): 8081 (http) with context path ''
2023-07-17 04:45:50,708 [INFO] com.propertyEye.propertySystem.PropertyEyeApplication [main] Started PropertyEyeApplication in 9.398 seconds (process running for 10.018)
2023-07-17 04:46:48,122 [INFO] com.propertyEye.propertySystem.PropertyEyeApplication [main] Starting PropertyEyeApplication using Java 17.0.7 with PID 15460 (D:\propertySystem\target\classes started by HP in D:\propertySystem)
2023-07-17 04:46:48,135 [INFO] com.propertyEye.propertySystem.PropertyEyeApplication [main] No active profile set, falling back to 1 default profile: "default"
2023-07-17 04:46:49,415 [INFO] org.springframework.data.repository.config.RepositoryConfigurationDelegate [main] Bootstrapping Spring Data JPA repositories in DEFAULT mode.
2023-07-17 04:46:49,527 [INFO] org.springframework.data.repository.config.RepositoryConfigurationDelegate [main] Finished Spring Data repository scanning in 90 ms. Found 3 JPA repository interfaces.
2023-07-17 04:46:50,633 [INFO] org.springframework.boot.web.embedded.tomcat.TomcatWebServer [main] Tomcat initialized with port(s): 8081 (http)
2023-07-17 04:46:50,649 [INFO] org.apache.catalina.core.StandardService [main] Starting service [Tomcat]
2023-07-17 04:46:50,650 [INFO] org.apache.catalina.core.StandardEngine [main] Starting Servlet engine: [Apache Tomcat/10.1.8]
2023-07-17 04:46:50,862 [INFO] org.apache.catalina.core.ContainerBase.[Tomcat].[localhost].[/] [main] Initializing Spring embedded WebApplicationContext
2023-07-17 04:46:50,865 [INFO] org.springframework.boot.web.servlet.context.ServletWebServerApplicationContext [main] Root WebApplicationContext: initialization completed in 2641 ms
2023-07-17 04:46:51,126 [INFO] org.hibernate.jpa.internal.util.LogHelper [main] HHH000204: Processing PersistenceUnitInfo [name: default]
2023-07-17 04:46:51,210 [INFO] org.hibernate.Version [main] HHH000412: Hibernate ORM core version 6.2.2.Final
2023-07-17 04:46:51,219 [INFO] org.hibernate.cfg.Environment [main] HHH000406: Using bytecode reflection optimizer
2023-07-17 04:46:51,426 [INFO] org.hibernate.bytecode.internal.BytecodeProviderInitiator [main] HHH000021: Bytecode provider name : bytebuddy
2023-07-17 04:46:51,622 [INFO] org.springframework.orm.jpa.persistenceunit.SpringPersistenceUnitInfo [main] No LoadTimeWeaver setup: ignoring JPA class transformer
2023-07-17 04:46:51,648 [INFO] com.zaxxer.hikari.HikariDataSource [main] HikariPool-1 - Starting...
2023-07-17 04:46:52,174 [INFO] com.zaxxer.hikari.pool.HikariPool [main] HikariPool-1 - Added connection com.mysql.cj.jdbc.ConnectionImpl@405d8a80
2023-07-17 04:46:52,180 [INFO] com.zaxxer.hikari.HikariDataSource [main] HikariPool-1 - Start completed.
2023-07-17 04:46:52,251 [INFO] org.hibernate.orm.dialect [main] HHH035001: Using dialect: org.hibernate.dialect.MySQL8Dialect, version: 8.0
2023-07-17 04:46:52,257 [WARN] org.hibernate.orm.deprecation [main] HHH90000026: MySQL8Dialect has been deprecated; use org.hibernate.dialect.MySQLDialect instead
2023-07-17 04:46:53,408 [INFO] org.hibernate.bytecode.internal.BytecodeProviderInitiator [main] HHH000021: Bytecode provider name : bytebuddy
2023-07-17 04:46:54,707 [INFO] org.hibernate.engine.transaction.jta.platform.internal.JtaPlatformInitiator [main] HHH000490: Using JtaPlatform implementation: [org.hibernate.engine.transaction.jta.platform.internal.NoJtaPlatform]
2023-07-17 04:46:54,870 [INFO] org.springframework.orm.jpa.LocalContainerEntityManagerFactoryBean [main] Initialized JPA EntityManagerFactory for persistence unit 'default'
2023-07-17 04:46:55,553 [INFO] org.springframework.data.jpa.repository.query.QueryEnhancerFactory [main] Hibernate is in classpath; If applicable, HQL parser will be used.
2023-07-17 04:46:56,346 [WARN] org.springframework.boot.autoconfigure.orm.jpa.JpaBaseConfiguration$JpaWebConfiguration [main] spring.jpa.open-in-view is enabled by default. Therefore, database queries may be performed during view rendering. Explicitly configure spring.jpa.open-in-view to disable this warning
2023-07-17 04:46:58,755 [INFO] org.springframework.boot.web.embedded.tomcat.TomcatWebServer [main] Tomcat started on port(s): 8081 (http) with context path ''
2023-07-17 04:46:58,770 [INFO] com.propertyEye.propertySystem.PropertyEyeApplication [main] Started PropertyEyeApplication in 11.285 seconds (process running for 12.033)
2023-07-17 04:50:43,156 [INFO] com.propertyEye.propertySystem.PropertyEyeApplication [main] Starting PropertyEyeApplication using Java 17.0.7 with PID 7356 (D:\propertySystem\target\classes started by HP in D:\propertySystem)
2023-07-17 04:50:43,163 [INFO] com.propertyEye.propertySystem.PropertyEyeApplication [main] No active profile set, falling back to 1 default profile: "default"
2023-07-17 04:50:44,568 [INFO] org.springframework.data.repository.config.RepositoryConfigurationDelegate [main] Bootstrapping Spring Data JPA repositories in DEFAULT mode.
2023-07-17 04:50:44,705 [INFO] org.springframework.data.repository.config.RepositoryConfigurationDelegate [main] Finished Spring Data repository scanning in 108 ms. Found 3 JPA repository interfaces.
2023-07-17 04:50:45,657 [INFO] org.springframework.boot.web.embedded.tomcat.TomcatWebServer [main] Tomcat initialized with port(s): 8081 (http)
2023-07-17 04:50:45,675 [INFO] org.apache.catalina.core.StandardService [main] Starting service [Tomcat]
2023-07-17 04:50:45,677 [INFO] org.apache.catalina.core.StandardEngine [main] Starting Servlet engine: [Apache Tomcat/10.1.8]
2023-07-17 04:50:45,887 [INFO] org.apache.catalina.core.ContainerBase.[Tomcat].[localhost].[/] [main] Initializing Spring embedded WebApplicationContext
2023-07-17 04:50:45,889 [INFO] org.springframework.boot.web.servlet.context.ServletWebServerApplicationContext [main] Root WebApplicationContext: initialization completed in 2625 ms
2023-07-17 04:50:46,136 [INFO] org.hibernate.jpa.internal.util.LogHelper [main] HHH000204: Processing PersistenceUnitInfo [name: default]
2023-07-17 04:50:46,221 [INFO] org.hibernate.Version [main] HHH000412: Hibernate ORM core version 6.2.2.Final
2023-07-17 04:50:46,227 [INFO] org.hibernate.cfg.Environment [main] HHH000406: Using bytecode reflection optimizer
2023-07-17 04:50:46,446 [INFO] org.hibernate.bytecode.internal.BytecodeProviderInitiator [main] HHH000021: Bytecode provider name : bytebuddy
2023-07-17 04:50:46,650 [INFO] org.springframework.orm.jpa.persistenceunit.SpringPersistenceUnitInfo [main] No LoadTimeWeaver setup: ignoring JPA class transformer
2023-07-17 04:50:46,674 [INFO] com.zaxxer.hikari.HikariDataSource [main] HikariPool-1 - Starting...
2023-07-17 04:50:47,165 [INFO] com.zaxxer.hikari.pool.HikariPool [main] HikariPool-1 - Added connection com.mysql.cj.jdbc.ConnectionImpl@4a4b288a
2023-07-17 04:50:47,172 [INFO] com.zaxxer.hikari.HikariDataSource [main] HikariPool-1 - Start completed.
2023-07-17 04:50:47,250 [INFO] org.hibernate.orm.dialect [main] HHH035001: Using dialect: org.hibernate.dialect.MySQL8Dialect, version: 8.0
2023-07-17 04:50:47,255 [WARN] org.hibernate.orm.deprecation [main] HHH90000026: MySQL8Dialect has been deprecated; use org.hibernate.dialect.MySQLDialect instead
2023-07-17 04:50:47,743 [INFO] org.hibernate.bytecode.internal.BytecodeProviderInitiator [main] HHH000021: Bytecode provider name : bytebuddy
2023-07-17 04:50:48,750 [INFO] org.hibernate.engine.transaction.jta.platform.internal.JtaPlatformInitiator [main] HHH000490: Using JtaPlatform implementation: [org.hibernate.engine.transaction.jta.platform.internal.NoJtaPlatform]
2023-07-17 04:50:48,946 [INFO] org.springframework.orm.jpa.LocalContainerEntityManagerFactoryBean [main] Initialized JPA EntityManagerFactory for persistence unit 'default'
2023-07-17 04:50:49,690 [INFO] org.springframework.data.jpa.repository.query.QueryEnhancerFactory [main] Hibernate is in classpath; If applicable, HQL parser will be used.
2023-07-17 04:50:50,434 [WARN] org.springframework.boot.autoconfigure.orm.jpa.JpaBaseConfiguration$JpaWebConfiguration [main] spring.jpa.open-in-view is enabled by default. Therefore, database queries may be performed during view rendering. Explicitly configure spring.jpa.open-in-view to disable this warning
2023-07-17 04:50:52,481 [INFO] org.springframework.boot.web.embedded.tomcat.TomcatWebServer [main] Tomcat started on port(s): 8081 (http) with context path ''
2023-07-17 04:50:52,497 [INFO] com.propertyEye.propertySystem.PropertyEyeApplication [main] Started PropertyEyeApplication in 9.978 seconds (process running for 10.603)
2023-07-17 04:51:30,916 [INFO] com.propertyEye.propertySystem.PropertyEyeApplication [main] Starting PropertyEyeApplication using Java 17.0.7 with PID 15996 (D:\propertySystem\target\classes started by HP in D:\propertySystem)
2023-07-17 04:51:30,930 [INFO] com.propertyEye.propertySystem.PropertyEyeApplication [main] No active profile set, falling back to 1 default profile: "default"
2023-07-17 04:51:32,252 [INFO] org.springframework.data.repository.config.RepositoryConfigurationDelegate [main] Bootstrapping Spring Data JPA repositories in DEFAULT mode.
2023-07-17 04:51:32,378 [INFO] org.springframework.data.repository.config.RepositoryConfigurationDelegate [main] Finished Spring Data repository scanning in 103 ms. Found 3 JPA repository interfaces.
2023-07-17 04:51:33,348 [INFO] org.springframework.boot.web.embedded.tomcat.TomcatWebServer [main] Tomcat initialized with port(s): 8081 (http)
2023-07-17 04:51:33,366 [INFO] org.apache.catalina.core.StandardService [main] Starting service [Tomcat]
2023-07-17 04:51:33,369 [INFO] org.apache.catalina.core.StandardEngine [main] Starting Servlet engine: [Apache Tomcat/10.1.8]
2023-07-17 04:51:33,570 [INFO] org.apache.catalina.core.ContainerBase.[Tomcat].[localhost].[/] [main] Initializing Spring embedded WebApplicationContext
2023-07-17 04:51:33,572 [INFO] org.springframework.boot.web.servlet.context.ServletWebServerApplicationContext [main] Root WebApplicationContext: initialization completed in 2549 ms
2023-07-17 04:51:33,810 [INFO] org.hibernate.jpa.internal.util.LogHelper [main] HHH000204: Processing PersistenceUnitInfo [name: default]
2023-07-17 04:51:33,902 [INFO] org.hibernate.Version [main] HHH000412: Hibernate ORM core version 6.2.2.Final
2023-07-17 04:51:33,907 [INFO] org.hibernate.cfg.Environment [main] HHH000406: Using bytecode reflection optimizer
2023-07-17 04:51:34,068 [INFO] org.hibernate.bytecode.internal.BytecodeProviderInitiator [main] HHH000021: Bytecode provider name : bytebuddy
2023-07-17 04:51:34,270 [INFO] org.springframework.orm.jpa.persistenceunit.SpringPersistenceUnitInfo [main] No LoadTimeWeaver setup: ignoring JPA class transformer
2023-07-17 04:51:34,293 [INFO] com.zaxxer.hikari.HikariDataSource [main] HikariPool-1 - Starting...
2023-07-17 04:51:34,783 [INFO] com.zaxxer.hikari.pool.HikariPool [main] HikariPool-1 - Added connection com.mysql.cj.jdbc.ConnectionImpl@5ba184fc
2023-07-17 04:51:34,788 [INFO] com.zaxxer.hikari.HikariDataSource [main] HikariPool-1 - Start completed.
2023-07-17 04:51:34,855 [INFO] org.hibernate.orm.dialect [main] HHH035001: Using dialect: org.hibernate.dialect.MySQL8Dialect, version: 8.0
2023-07-17 04:51:34,857 [WARN] org.hibernate.orm.deprecation [main] HHH90000026: MySQL8Dialect has been deprecated; use org.hibernate.dialect.MySQLDialect instead
2023-07-17 04:51:35,355 [INFO] org.hibernate.bytecode.internal.BytecodeProviderInitiator [main] HHH000021: Bytecode provider name : bytebuddy
2023-07-17 04:51:36,301 [INFO] org.hibernate.engine.transaction.jta.platform.internal.JtaPlatformInitiator [main] HHH000490: Using JtaPlatform implementation: [org.hibernate.engine.transaction.jta.platform.internal.NoJtaPlatform]
2023-07-17 04:51:36,443 [INFO] org.springframework.orm.jpa.LocalContainerEntityManagerFactoryBean [main] Initialized JPA EntityManagerFactory for persistence unit 'default'
2023-07-17 04:51:37,020 [INFO] org.springframework.data.jpa.repository.query.QueryEnhancerFactory [main] Hibernate is in classpath; If applicable, HQL parser will be used.
2023-07-17 04:51:37,712 [WARN] org.springframework.boot.autoconfigure.orm.jpa.JpaBaseConfiguration$JpaWebConfiguration [main] spring.jpa.open-in-view is enabled by default. Therefore, database queries may be performed during view rendering. Explicitly configure spring.jpa.open-in-view to disable this warning
2023-07-17 04:51:39,667 [INFO] org.springframework.boot.web.embedded.tomcat.TomcatWebServer [main] Tomcat started on port(s): 8081 (http) with context path ''
2023-07-17 04:51:39,696 [INFO] com.propertyEye.propertySystem.PropertyEyeApplication [main] Started PropertyEyeApplication in 9.483 seconds (process running for 10.19)
2023-07-17 04:52:57,125 [INFO] com.propertyEye.propertySystem.PropertyEyeApplication [main] Starting PropertyEyeApplication using Java 17.0.7 with PID 9228 (D:\propertySystem\target\classes started by HP in D:\propertySystem)
2023-07-17 04:52:57,135 [INFO] com.propertyEye.propertySystem.PropertyEyeApplication [main] No active profile set, falling back to 1 default profile: "default"
2023-07-17 04:52:58,453 [INFO] org.springframework.data.repository.config.RepositoryConfigurationDelegate [main] Bootstrapping Spring Data JPA repositories in DEFAULT mode.
2023-07-17 04:52:58,579 [INFO] org.springframework.data.repository.config.RepositoryConfigurationDelegate [main] Finished Spring Data repository scanning in 99 ms. Found 3 JPA repository interfaces.
2023-07-17 04:52:59,557 [INFO] org.springframework.boot.web.embedded.tomcat.TomcatWebServer [main] Tomcat initialized with port(s): 8081 (http)
2023-07-17 04:52:59,575 [INFO] org.apache.catalina.core.StandardService [main] Starting service [Tomcat]
2023-07-17 04:52:59,577 [INFO] org.apache.catalina.core.StandardEngine [main] Starting Servlet engine: [Apache Tomcat/10.1.8]
2023-07-17 04:52:59,791 [INFO] org.apache.catalina.core.ContainerBase.[Tomcat].[localhost].[/] [main] Initializing Spring embedded WebApplicationContext
2023-07-17 04:52:59,795 [INFO] org.springframework.boot.web.servlet.context.ServletWebServerApplicationContext [main] Root WebApplicationContext: initialization completed in 2573 ms
2023-07-17 04:53:00,069 [INFO] org.hibernate.jpa.internal.util.LogHelper [main] HHH000204: Processing PersistenceUnitInfo [name: default]
2023-07-17 04:53:00,144 [INFO] org.hibernate.Version [main] HHH000412: Hibernate ORM core version 6.2.2.Final
2023-07-17 04:53:00,147 [INFO] org.hibernate.cfg.Environment [main] HHH000406: Using bytecode reflection optimizer
2023-07-17 04:53:00,349 [INFO] org.hibernate.bytecode.internal.BytecodeProviderInitiator [main] HHH000021: Bytecode provider name : bytebuddy
2023-07-17 04:53:00,543 [INFO] org.springframework.orm.jpa.persistenceunit.SpringPersistenceUnitInfo [main] No LoadTimeWeaver setup: ignoring JPA class transformer
2023-07-17 04:53:00,570 [INFO] com.zaxxer.hikari.HikariDataSource [main] HikariPool-1 - Starting...
2023-07-17 04:53:01,051 [INFO] com.zaxxer.hikari.pool.HikariPool [main] HikariPool-1 - Added connection com.mysql.cj.jdbc.ConnectionImpl@5403431a
2023-07-17 04:53:01,056 [INFO] com.zaxxer.hikari.HikariDataSource [main] HikariPool-1 - Start completed.
2023-07-17 04:53:01,135 [INFO] org.hibernate.orm.dialect [main] HHH035001: Using dialect: org.hibernate.dialect.MySQL8Dialect, version: 8.0
2023-07-17 04:53:01,138 [WARN] org.hibernate.orm.deprecation [main] HHH90000026: MySQL8Dialect has been deprecated; use org.hibernate.dialect.MySQLDialect instead
2023-07-17 04:53:01,543 [INFO] org.hibernate.bytecode.internal.BytecodeProviderInitiator [main] HHH000021: Bytecode provider name : bytebuddy
2023-07-17 04:53:02,589 [INFO] org.hibernate.engine.transaction.jta.platform.internal.JtaPlatformInitiator [main] HHH000490: Using JtaPlatform implementation: [org.hibernate.engine.transaction.jta.platform.internal.NoJtaPlatform]
2023-07-17 04:53:02,816 [INFO] org.springframework.orm.jpa.LocalContainerEntityManagerFactoryBean [main] Initialized JPA EntityManagerFactory for persistence unit 'default'
2023-07-17 04:53:03,421 [INFO] org.springframework.data.jpa.repository.query.QueryEnhancerFactory [main] Hibernate is in classpath; If applicable, HQL parser will be used.
2023-07-17 04:53:04,093 [WARN] org.springframework.boot.autoconfigure.orm.jpa.JpaBaseConfiguration$JpaWebConfiguration [main] spring.jpa.open-in-view is enabled by default. Therefore, database queries may be performed during view rendering. Explicitly configure spring.jpa.open-in-view to disable this warning
2023-07-17 04:53:06,122 [INFO] org.springframework.boot.web.embedded.tomcat.TomcatWebServer [main] Tomcat started on port(s): 8081 (http) with context path ''
2023-07-17 04:53:06,155 [INFO] com.propertyEye.propertySystem.PropertyEyeApplication [main] Started PropertyEyeApplication in 9.684 seconds (process running for 10.313)
2023-07-17 04:53:36,937 [INFO] com.propertyEye.propertySystem.PropertyEyeApplication [main] Starting PropertyEyeApplication using Java 17.0.7 with PID 1452 (D:\propertySystem\target\classes started by HP in D:\propertySystem)
2023-07-17 04:53:36,947 [INFO] com.propertyEye.propertySystem.PropertyEyeApplication [main] No active profile set, falling back to 1 default profile: "default"
2023-07-17 04:53:38,262 [INFO] org.springframework.data.repository.config.RepositoryConfigurationDelegate [main] Bootstrapping Spring Data JPA repositories in DEFAULT mode.
2023-07-17 04:53:38,388 [INFO] org.springframework.data.repository.config.RepositoryConfigurationDelegate [main] Finished Spring Data repository scanning in 104 ms. Found 3 JPA repository interfaces.
2023-07-17 04:53:39,374 [INFO] org.springframework.boot.web.embedded.tomcat.TomcatWebServer [main] Tomcat initialized with port(s): 8081 (http)
2023-07-17 04:53:39,392 [INFO] org.apache.catalina.core.StandardService [main] Starting service [Tomcat]
2023-07-17 04:53:39,394 [INFO] org.apache.catalina.core.StandardEngine [main] Starting Servlet engine: [Apache Tomcat/10.1.8]
2023-07-17 04:53:39,624 [INFO] org.apache.catalina.core.ContainerBase.[Tomcat].[localhost].[/] [main] Initializing Spring embedded WebApplicationContext
2023-07-17 04:53:39,628 [INFO] org.springframework.boot.web.servlet.context.ServletWebServerApplicationContext [main] Root WebApplicationContext: initialization completed in 2578 ms
2023-07-17 04:53:39,873 [INFO] org.hibernate.jpa.internal.util.LogHelper [main] HHH000204: Processing PersistenceUnitInfo [name: default]
2023-07-17 04:53:39,949 [INFO] org.hibernate.Version [main] HHH000412: Hibernate ORM core version 6.2.2.Final
2023-07-17 04:53:39,952 [INFO] org.hibernate.cfg.Environment [main] HHH000406: Using bytecode reflection optimizer
2023-07-17 04:53:40,183 [INFO] org.hibernate.bytecode.internal.BytecodeProviderInitiator [main] HHH000021: Bytecode provider name : bytebuddy
2023-07-17 04:53:40,387 [INFO] org.springframework.orm.jpa.persistenceunit.SpringPersistenceUnitInfo [main] No LoadTimeWeaver setup: ignoring JPA class transformer
2023-07-17 04:53:40,412 [INFO] com.zaxxer.hikari.HikariDataSource [main] HikariPool-1 - Starting...
2023-07-17 04:53:41,042 [INFO] com.zaxxer.hikari.pool.HikariPool [main] HikariPool-1 - Added connection com.mysql.cj.jdbc.ConnectionImpl@580c17a0
2023-07-17 04:53:41,047 [INFO] com.zaxxer.hikari.HikariDataSource [main] HikariPool-1 - Start completed.
2023-07-17 04:53:41,133 [INFO] org.hibernate.orm.dialect [main] HHH035001: Using dialect: org.hibernate.dialect.MySQL8Dialect, version: 8.0
2023-07-17 04:53:41,137 [WARN] org.hibernate.orm.deprecation [main] HHH90000026: MySQL8Dialect has been deprecated; use org.hibernate.dialect.MySQLDialect instead
2023-07-17 04:53:41,638 [INFO] org.hibernate.bytecode.internal.BytecodeProviderInitiator [main] HHH000021: Bytecode provider name : bytebuddy
2023-07-17 04:53:42,567 [INFO] org.hibernate.engine.transaction.jta.platform.internal.JtaPlatformInitiator [main] HHH000490: Using JtaPlatform implementation: [org.hibernate.engine.transaction.jta.platform.internal.NoJtaPlatform]
2023-07-17 04:53:42,834 [INFO] org.springframework.orm.jpa.LocalContainerEntityManagerFactoryBean [main] Initialized JPA EntityManagerFactory for persistence unit 'default'
2023-07-17 04:53:43,571 [INFO] org.springframework.data.jpa.repository.query.QueryEnhancerFactory [main] Hibernate is in classpath; If applicable, HQL parser will be used.
2023-07-17 04:53:44,316 [WARN] org.springframework.boot.autoconfigure.orm.jpa.JpaBaseConfiguration$JpaWebConfiguration [main] spring.jpa.open-in-view is enabled by default. Therefore, database queries may be performed during view rendering. Explicitly configure spring.jpa.open-in-view to disable this warning
2023-07-17 04:53:47,762 [INFO] org.springframework.boot.web.embedded.tomcat.TomcatWebServer [main] Tomcat started on port(s): 8081 (http) with context path ''
2023-07-17 04:53:47,779 [INFO] com.propertyEye.propertySystem.PropertyEyeApplication [main] Started PropertyEyeApplication in 11.507 seconds (process running for 12.145)
2023-07-17 04:54:55,657 [INFO] com.propertyEye.propertySystem.PropertyEyeApplication [main] Starting PropertyEyeApplication using Java 17.0.7 with PID 7960 (D:\propertySystem\target\classes started by HP in D:\propertySystem)
2023-07-17 04:54:55,664 [INFO] com.propertyEye.propertySystem.PropertyEyeApplication [main] No active profile set, falling back to 1 default profile: "default"
2023-07-17 04:54:56,986 [INFO] org.springframework.data.repository.config.RepositoryConfigurationDelegate [main] Bootstrapping Spring Data JPA repositories in DEFAULT mode.
2023-07-17 04:54:57,111 [INFO] org.springframework.data.repository.config.RepositoryConfigurationDelegate [main] Finished Spring Data repository scanning in 103 ms. Found 3 JPA repository interfaces.
2023-07-17 04:54:58,093 [INFO] org.springframework.boot.web.embedded.tomcat.TomcatWebServer [main] Tomcat initialized with port(s): 8081 (http)
2023-07-17 04:54:58,104 [INFO] org.apache.catalina.core.StandardService [main] Starting service [Tomcat]
2023-07-17 04:54:58,104 [INFO] org.apache.catalina.core.StandardEngine [main] Starting Servlet engine: [Apache Tomcat/10.1.8]
2023-07-17 04:54:58,307 [INFO] org.apache.catalina.core.ContainerBase.[Tomcat].[localhost].[/] [main] Initializing Spring embedded WebApplicationContext
2023-07-17 04:54:58,308 [INFO] org.springframework.boot.web.servlet.context.ServletWebServerApplicationContext [main] Root WebApplicationContext: initialization completed in 2544 ms
2023-07-17 04:54:58,561 [INFO] org.hibernate.jpa.internal.util.LogHelper [main] HHH000204: Processing PersistenceUnitInfo [name: default]
2023-07-17 04:54:58,643 [INFO] org.hibernate.Version [main] HHH000412: Hibernate ORM core version 6.2.2.Final
2023-07-17 04:54:58,649 [INFO] org.hibernate.cfg.Environment [main] HHH000406: Using bytecode reflection optimizer
2023-07-17 04:54:58,864 [INFO] org.hibernate.bytecode.internal.BytecodeProviderInitiator [main] HHH000021: Bytecode provider name : bytebuddy
2023-07-17 04:54:59,047 [INFO] org.springframework.orm.jpa.persistenceunit.SpringPersistenceUnitInfo [main] No LoadTimeWeaver setup: ignoring JPA class transformer
2023-07-17 04:54:59,082 [INFO] com.zaxxer.hikari.HikariDataSource [main] HikariPool-1 - Starting...
2023-07-17 04:54:59,569 [INFO] com.zaxxer.hikari.pool.HikariPool [main] HikariPool-1 - Added connection com.mysql.cj.jdbc.ConnectionImpl@4540c7
2023-07-17 04:54:59,574 [INFO] com.zaxxer.hikari.HikariDataSource [main] HikariPool-1 - Start completed.
2023-07-17 04:54:59,819 [INFO] org.hibernate.orm.dialect [main] HHH035001: Using dialect: org.hibernate.dialect.MySQL8Dialect, version: 8.0
2023-07-17 04:54:59,825 [WARN] org.hibernate.orm.deprecation [main] HHH90000026: MySQL8Dialect has been deprecated; use org.hibernate.dialect.MySQLDialect instead
2023-07-17 04:55:00,311 [INFO] org.hibernate.bytecode.internal.BytecodeProviderInitiator [main] HHH000021: Bytecode provider name : bytebuddy
2023-07-17 04:55:01,202 [INFO] org.hibernate.engine.transaction.jta.platform.internal.JtaPlatformInitiator [main] HHH000490: Using JtaPlatform implementation: [org.hibernate.engine.transaction.jta.platform.internal.NoJtaPlatform]
2023-07-17 04:55:01,622 [INFO] org.springframework.orm.jpa.LocalContainerEntityManagerFactoryBean [main] Initialized JPA EntityManagerFactory for persistence unit 'default'
2023-07-17 04:55:02,236 [INFO] org.springframework.data.jpa.repository.query.QueryEnhancerFactory [main] Hibernate is in classpath; If applicable, HQL parser will be used.
2023-07-17 04:55:03,152 [WARN] org.springframework.boot.autoconfigure.orm.jpa.JpaBaseConfiguration$JpaWebConfiguration [main] spring.jpa.open-in-view is enabled by default. Therefore, database queries may be performed during view rendering. Explicitly configure spring.jpa.open-in-view to disable this warning
2023-07-17 04:55:05,170 [INFO] org.springframework.boot.web.embedded.tomcat.TomcatWebServer [main] Tomcat started on port(s): 8081 (http) with context path ''
2023-07-17 04:55:05,186 [INFO] com.propertyEye.propertySystem.PropertyEyeApplication [main] Started PropertyEyeApplication in 10.246 seconds (process running for 10.992)
2023-07-17T04:56:08.123+05:30 INFO  --- [           main] c.p.p.PropertyEyeApplication : Starting PropertyEyeApplication using Java 17.0.7 with PID 7788 (D:\propertySystem\target\classes started by HP in D:\propertySystem)
2023-07-17T04:56:08.127+05:30 INFO  --- [           main] c.p.p.PropertyEyeApplication : No active profile set, falling back to 1 default profile: "default"
2023-07-17T04:56:09.418+05:30 INFO  --- [           main] o.s.d.r.c.RepositoryConfigurationDelegate : Bootstrapping Spring Data JPA repositories in DEFAULT mode.
2023-07-17T04:56:09.526+05:30 INFO  --- [           main] o.s.d.r.c.RepositoryConfigurationDelegate : Finished Spring Data repository scanning in 87 ms. Found 3 JPA repository interfaces.
2023-07-17T04:56:10.498+05:30 INFO  --- [           main] o.s.b.w.e.t.TomcatWebServer : Tomcat initialized with port(s): 8081 (http)
2023-07-17T04:56:10.516+05:30 INFO  --- [           main] o.a.c.core.StandardService : Starting service [Tomcat]
2023-07-17T04:56:10.518+05:30 INFO  --- [           main] o.a.c.core.StandardEngine : Starting Servlet engine: [Apache Tomcat/10.1.8]
2023-07-17T04:56:10.735+05:30 INFO  --- [           main] o.a.c.c.C.[.[localhost].[/] : Initializing Spring embedded WebApplicationContext
2023-07-17T04:56:10.738+05:30 INFO  --- [           main] o.s.b.w.s.c.ServletWebServerApplicationContext : Root WebApplicationContext: initialization completed in 2516 ms
2023-07-17T04:56:10.991+05:30 INFO  --- [           main] o.h.j.internal.util.LogHelper : HHH000204: Processing PersistenceUnitInfo [name: default]
2023-07-17T04:56:11.064+05:30 INFO  --- [           main] org.hibernate.Version : HHH000412: Hibernate ORM core version 6.2.2.Final
2023-07-17T04:56:11.074+05:30 INFO  --- [           main] org.hibernate.cfg.Environment : HHH000406: Using bytecode reflection optimizer
2023-07-17T04:56:11.336+05:30 INFO  --- [           main] o.h.b.i.BytecodeProviderInitiator : HHH000021: Bytecode provider name : bytebuddy
2023-07-17T04:56:11.555+05:30 INFO  --- [           main] o.s.o.j.p.SpringPersistenceUnitInfo : No LoadTimeWeaver setup: ignoring JPA class transformer
2023-07-17T04:56:11.590+05:30 INFO  --- [           main] c.z.hikari.HikariDataSource : HikariPool-1 - Starting...
2023-07-17T04:56:12.101+05:30 INFO  --- [           main] c.z.hikari.pool.HikariPool : HikariPool-1 - Added connection com.mysql.cj.jdbc.ConnectionImpl@5a6195b8
2023-07-17T04:56:12.106+05:30 INFO  --- [           main] c.z.hikari.HikariDataSource : HikariPool-1 - Start completed.
2023-07-17T04:56:12.180+05:30 INFO  --- [           main] org.hibernate.orm.dialect : HHH035001: Using dialect: org.hibernate.dialect.MySQL8Dialect, version: 8.0
2023-07-17T04:56:12.182+05:30 WARN  --- [           main] org.hibernate.orm.deprecation : HHH90000026: MySQL8Dialect has been deprecated; use org.hibernate.dialect.MySQLDialect instead
2023-07-17T04:56:12.704+05:30 INFO  --- [           main] o.h.b.i.BytecodeProviderInitiator : HHH000021: Bytecode provider name : bytebuddy
2023-07-17T04:56:13.700+05:30 INFO  --- [           main] o.h.e.t.j.p.i.JtaPlatformInitiator : HHH000490: Using JtaPlatform implementation: [org.hibernate.engine.transaction.jta.platform.internal.NoJtaPlatform]
2023-07-17T04:56:13.925+05:30 INFO  --- [           main] o.s.o.j.LocalContainerEntityManagerFactoryBean : Initialized JPA EntityManagerFactory for persistence unit 'default'
2023-07-17T04:56:14.776+05:30 INFO  --- [           main] o.s.d.j.r.q.QueryEnhancerFactory : Hibernate is in classpath; If applicable, HQL parser will be used.
2023-07-17T04:56:15.628+05:30 WARN  --- [           main] o.s.b.a.o.j.JpaBaseConfiguration$JpaWebConfiguration : spring.jpa.open-in-view is enabled by default. Therefore, database queries may be performed during view rendering. Explicitly configure spring.jpa.open-in-view to disable this warning
2023-07-17T04:56:18.088+05:30 INFO  --- [           main] o.s.b.w.e.t.TomcatWebServer : Tomcat started on port(s): 8081 (http) with context path ''
2023-07-17T04:56:18.112+05:30 INFO  --- [           main] c.p.p.PropertyEyeApplication : Started PropertyEyeApplication in 10.629 seconds (process running for 11.27)
2023-07-17T05:20:31.889+05:30 INFO  --- [           main] c.p.p.PropertyEyeApplication : Starting PropertyEyeApplication using Java 17.0.7 with PID 11728 (D:\propertySystem\target\classes started by HP in D:\propertySystem)
2023-07-17T05:20:31.895+05:30 INFO  --- [           main] c.p.p.PropertyEyeApplication : No active profile set, falling back to 1 default profile: "default"
2023-07-17T05:20:33.207+05:30 INFO  --- [           main] o.s.d.r.c.RepositoryConfigurationDelegate : Bootstrapping Spring Data JPA repositories in DEFAULT mode.
2023-07-17T05:20:33.335+05:30 INFO  --- [           main] o.s.d.r.c.RepositoryConfigurationDelegate : Finished Spring Data repository scanning in 102 ms. Found 3 JPA repository interfaces.
2023-07-17T05:20:34.354+05:30 INFO  --- [           main] o.s.b.w.e.t.TomcatWebServer : Tomcat initialized with port(s): 8081 (http)
2023-07-17T05:20:34.371+05:30 INFO  --- [           main] o.a.c.core.StandardService : Starting service [Tomcat]
2023-07-17T05:20:34.372+05:30 INFO  --- [           main] o.a.c.core.StandardEngine : Starting Servlet engine: [Apache Tomcat/10.1.8]
2023-07-17T05:20:34.605+05:30 INFO  --- [           main] o.a.c.c.C.[.[localhost].[/] : Initializing Spring embedded WebApplicationContext
2023-07-17T05:20:34.607+05:30 INFO  --- [           main] o.s.b.w.s.c.ServletWebServerApplicationContext : Root WebApplicationContext: initialization completed in 2608 ms
2023-07-17T05:20:34.877+05:30 INFO  --- [           main] o.h.j.internal.util.LogHelper : HHH000204: Processing PersistenceUnitInfo [name: default]
2023-07-17T05:20:34.986+05:30 INFO  --- [           main] org.hibernate.Version : HHH000412: Hibernate ORM core version 6.2.2.Final
2023-07-17T05:20:34.994+05:30 INFO  --- [           main] org.hibernate.cfg.Environment : HHH000406: Using bytecode reflection optimizer
2023-07-17T05:20:35.222+05:30 INFO  --- [           main] o.h.b.i.BytecodeProviderInitiator : HHH000021: Bytecode provider name : bytebuddy
2023-07-17T05:20:35.397+05:30 INFO  --- [           main] o.s.o.j.p.SpringPersistenceUnitInfo : No LoadTimeWeaver setup: ignoring JPA class transformer
2023-07-17T05:20:35.420+05:30 INFO  --- [           main] c.z.hikari.HikariDataSource : HikariPool-1 - Starting...
2023-07-17T05:20:36.092+05:30 INFO  --- [           main] c.z.hikari.pool.HikariPool : HikariPool-1 - Added connection com.mysql.cj.jdbc.ConnectionImpl@3f1158ee
2023-07-17T05:20:36.095+05:30 INFO  --- [           main] c.z.hikari.HikariDataSource : HikariPool-1 - Start completed.
2023-07-17T05:20:36.166+05:30 INFO  --- [           main] org.hibernate.orm.dialect : HHH035001: Using dialect: org.hibernate.dialect.MySQL8Dialect, version: 8.0
2023-07-17T05:20:36.169+05:30 WARN  --- [           main] org.hibernate.orm.deprecation : HHH90000026: MySQL8Dialect has been deprecated; use org.hibernate.dialect.MySQLDialect instead
2023-07-17T05:20:36.921+05:30 INFO  --- [           main] o.h.b.i.BytecodeProviderInitiator : HHH000021: Bytecode provider name : bytebuddy
2023-07-17T05:20:37.936+05:30 INFO  --- [           main] o.h.e.t.j.p.i.JtaPlatformInitiator : HHH000490: Using JtaPlatform implementation: [org.hibernate.engine.transaction.jta.platform.internal.NoJtaPlatform]
2023-07-17T05:20:38.117+05:30 INFO  --- [           main] o.s.o.j.LocalContainerEntityManagerFactoryBean : Initialized JPA EntityManagerFactory for persistence unit 'default'
2023-07-17T05:20:38.808+05:30 INFO  --- [           main] o.s.d.j.r.q.QueryEnhancerFactory : Hibernate is in classpath; If applicable, HQL parser will be used.
2023-07-17T05:20:39.963+05:30 WARN  --- [           main] o.s.b.a.o.j.JpaBaseConfiguration$JpaWebConfiguration : spring.jpa.open-in-view is enabled by default. Therefore, database queries may be performed during view rendering. Explicitly configure spring.jpa.open-in-view to disable this warning
2023-07-17T05:20:42.215+05:30 INFO  --- [           main] o.s.b.w.e.t.TomcatWebServer : Tomcat started on port(s): 8081 (http) with context path ''
2023-07-17T05:20:42.235+05:30 INFO  --- [           main] c.p.p.PropertyEyeApplication : Started PropertyEyeApplication in 11.031 seconds (process running for 11.895)
2023-07-17T05:21:07.724+05:30 INFO  --- [nio-8081-exec-1] o.a.c.c.C.[.[localhost].[/] : Initializing Spring DispatcherServlet 'dispatcherServlet'
2023-07-17T05:21:07.725+05:30 INFO  --- [nio-8081-exec-1] o.s.w.s.DispatcherServlet : Initializing Servlet 'dispatcherServlet'
2023-07-17T05:21:07.728+05:30 INFO  --- [nio-8081-exec-1] o.s.w.s.DispatcherServlet : Completed initialization in 3 ms
2023-07-17T05:21:08.178+05:30 INFO  --- [nio-8081-exec-1] c.p.p.c.LoginController : addNewProperty is called
2023-07-17T05:21:08.185+05:30 INFO  --- [nio-8081-exec-1] c.p.p.service.PropertyService : addProperty() is called
2023-07-17T05:22:58.833+05:30 INFO  --- [nio-8081-exec-2] c.p.p.c.LoginController : addUser is called
2023-07-17T05:22:58.833+05:30 INFO  --- [nio-8081-exec-2] c.p.p.service.UserServiceImpl : addUsers() is called
2023-07-17T05:22:58.833+05:30 WARN  --- [nio-8081-exec-2] c.p.p.service.UserServiceImpl : EmptyInputException
2023-07-17T06:31:19.483+05:30 INFO  --- [nio-8081-exec-3] c.p.p.c.LoginController : addUser is called
2023-07-17T06:31:19.484+05:30 INFO  --- [nio-8081-exec-3] c.p.p.service.UserServiceImpl : addUsers() is called
2023-07-17T06:31:19.484+05:30 WARN  --- [nio-8081-exec-3] c.p.p.service.UserServiceImpl : EmptyInputException
2023-07-17T06:32:11.980+05:30 INFO  --- [           main] c.p.p.PropertyEyeApplication : Starting PropertyEyeApplication using Java 17.0.7 with PID 752 (D:\propertySystem\target\classes started by HP in D:\propertySystem)
2023-07-17T06:32:11.985+05:30 INFO  --- [           main] c.p.p.PropertyEyeApplication : No active profile set, falling back to 1 default profile: "default"
2023-07-17T06:32:13.515+05:30 INFO  --- [           main] o.s.d.r.c.RepositoryConfigurationDelegate : Bootstrapping Spring Data JPA repositories in DEFAULT mode.
2023-07-17T06:32:13.697+05:30 INFO  --- [           main] o.s.d.r.c.RepositoryConfigurationDelegate : Finished Spring Data repository scanning in 148 ms. Found 3 JPA repository interfaces.
2023-07-17T06:32:14.854+05:30 INFO  --- [           main] o.s.b.w.e.t.TomcatWebServer : Tomcat initialized with port(s): 8081 (http)
2023-07-17T06:32:14.874+05:30 INFO  --- [           main] o.a.c.core.StandardService : Starting service [Tomcat]
2023-07-17T06:32:14.874+05:30 INFO  --- [           main] o.a.c.core.StandardEngine : Starting Servlet engine: [Apache Tomcat/10.1.8]
2023-07-17T06:32:15.130+05:30 INFO  --- [           main] o.a.c.c.C.[.[localhost].[/] : Initializing Spring embedded WebApplicationContext
2023-07-17T06:32:15.131+05:30 INFO  --- [           main] o.s.b.w.s.c.ServletWebServerApplicationContext : Root WebApplicationContext: initialization completed in 3063 ms
2023-07-17T06:32:15.382+05:30 INFO  --- [           main] o.h.j.internal.util.LogHelper : HHH000204: Processing PersistenceUnitInfo [name: default]
2023-07-17T06:32:15.501+05:30 INFO  --- [           main] org.hibernate.Version : HHH000412: Hibernate ORM core version 6.2.2.Final
2023-07-17T06:32:15.507+05:30 INFO  --- [           main] org.hibernate.cfg.Environment : HHH000406: Using bytecode reflection optimizer
2023-07-17T06:32:15.745+05:30 INFO  --- [           main] o.h.b.i.BytecodeProviderInitiator : HHH000021: Bytecode provider name : bytebuddy
2023-07-17T06:32:16.014+05:30 INFO  --- [           main] o.s.o.j.p.SpringPersistenceUnitInfo : No LoadTimeWeaver setup: ignoring JPA class transformer
2023-07-17T06:32:16.047+05:30 INFO  --- [           main] c.z.hikari.HikariDataSource : HikariPool-1 - Starting...
2023-07-17T06:32:16.570+05:30 INFO  --- [           main] c.z.hikari.pool.HikariPool : HikariPool-1 - Added connection com.mysql.cj.jdbc.ConnectionImpl@416b1265
2023-07-17T06:32:16.574+05:30 INFO  --- [           main] c.z.hikari.HikariDataSource : HikariPool-1 - Start completed.
2023-07-17T06:32:16.737+05:30 INFO  --- [           main] org.hibernate.orm.dialect : HHH035001: Using dialect: org.hibernate.dialect.MySQL8Dialect, version: 8.0
2023-07-17T06:32:16.740+05:30 WARN  --- [           main] org.hibernate.orm.deprecation : HHH90000026: MySQL8Dialect has been deprecated; use org.hibernate.dialect.MySQLDialect instead
2023-07-17T06:32:17.218+05:30 INFO  --- [           main] o.h.b.i.BytecodeProviderInitiator : HHH000021: Bytecode provider name : bytebuddy
2023-07-17T06:32:18.205+05:30 INFO  --- [           main] o.h.e.t.j.p.i.JtaPlatformInitiator : HHH000490: Using JtaPlatform implementation: [org.hibernate.engine.transaction.jta.platform.internal.NoJtaPlatform]
2023-07-17T06:32:18.512+05:30 INFO  --- [           main] o.s.o.j.LocalContainerEntityManagerFactoryBean : Initialized JPA EntityManagerFactory for persistence unit 'default'
2023-07-17T06:32:19.201+05:30 INFO  --- [           main] o.s.d.j.r.q.QueryEnhancerFactory : Hibernate is in classpath; If applicable, HQL parser will be used.
2023-07-17T06:32:19.934+05:30 WARN  --- [           main] o.s.b.a.o.j.JpaBaseConfiguration$JpaWebConfiguration : spring.jpa.open-in-view is enabled by default. Therefore, database queries may be performed during view rendering. Explicitly configure spring.jpa.open-in-view to disable this warning
2023-07-17T06:32:21.888+05:30 INFO  --- [           main] o.s.b.w.e.t.TomcatWebServer : Tomcat started on port(s): 8081 (http) with context path ''
2023-07-17T06:32:21.906+05:30 INFO  --- [           main] c.p.p.PropertyEyeApplication : Started PropertyEyeApplication in 10.609 seconds (process running for 11.357)
2023-07-17T06:32:33.811+05:30 INFO  --- [nio-8081-exec-1] o.a.c.c.C.[.[localhost].[/] : Initializing Spring DispatcherServlet 'dispatcherServlet'
2023-07-17T06:32:33.811+05:30 INFO  --- [nio-8081-exec-1] o.s.w.s.DispatcherServlet : Initializing Servlet 'dispatcherServlet'
2023-07-17T06:32:33.815+05:30 INFO  --- [nio-8081-exec-1] o.s.w.s.DispatcherServlet : Completed initialization in 4 ms
2023-07-17T06:32:34.114+05:30 INFO  --- [nio-8081-exec-1] c.p.p.c.LoginController : addUser is called
2023-07-17T06:32:34.117+05:30 INFO  --- [nio-8081-exec-1] c.p.p.service.UserServiceImpl : addUsers() is called
2023-07-17T06:32:34.117+05:30 WARN  --- [nio-8081-exec-1] c.p.p.service.UserServiceImpl : EmptyInputException
2023-07-17T06:32:34.118+05:30 TRACE --- [nio-8081-exec-1] c.p.p.service.UserServiceImpl : occured in addUsers() function
2023-07-17T06:38:23.022+05:30 INFO  --- [nio-8081-exec-2] c.p.p.c.LoginController : getAllProperty is called
2023-07-17T06:38:23.022+05:30 INFO  --- [nio-8081-exec-2] c.p.p.service.PropertyService : getAllProeperties() is called
2023-07-17T06:38:23.408+05:30 INFO  --- [nio-8081-exec-3] c.p.p.c.LoginController : getAllProperty is called
2023-07-17T06:38:23.409+05:30 INFO  --- [nio-8081-exec-3] c.p.p.service.PropertyService : getAllProeperties() is called
2023-07-17T06:38:23.506+05:30 INFO  --- [nio-8081-exec-4] c.p.p.c.LoginController : getAllProperty is called
2023-07-17T06:38:23.507+05:30 INFO  --- [nio-8081-exec-4] c.p.p.service.PropertyService : getAllProeperties() is called
2023-07-17T07:41:44.058+05:30 INFO  --- [nio-8081-exec-7] c.p.p.c.LoginController : getAllProperty is called
2023-07-17T07:41:44.061+05:30 INFO  --- [nio-8081-exec-7] c.p.p.service.PropertyService : getAllProeperties() is called
2023-07-17T07:43:53.057+05:30 INFO  --- [nio-8081-exec-9] c.p.p.c.LoginController : getAllProperty is called
2023-07-17T07:43:53.057+05:30 INFO  --- [nio-8081-exec-9] c.p.p.service.PropertyService : getAllProeperties() is called
2023-07-17T07:44:35.049+05:30 INFO  --- [io-8081-exec-10] c.p.p.c.LoginController : getAllProperty is called
2023-07-17T07:44:35.051+05:30 INFO  --- [io-8081-exec-10] c.p.p.service.PropertyService : getAllProeperties() is called
2023-07-17T07:44:50.631+05:30 INFO  --- [nio-8081-exec-2] c.p.p.c.LoginController : getAllProperty is called
2023-07-17T07:44:50.632+05:30 INFO  --- [nio-8081-exec-2] c.p.p.service.PropertyService : getAllProeperties() is called
2023-07-17T07:44:50.718+05:30 INFO  --- [nio-8081-exec-3] c.p.p.c.LoginController : getAllProperty is called
2023-07-17T07:44:50.719+05:30 INFO  --- [nio-8081-exec-3] c.p.p.service.PropertyService : getAllProeperties() is called
2023-07-17T07:44:50.786+05:30 INFO  --- [nio-8081-exec-4] c.p.p.c.LoginController : getAllProperty is called
2023-07-17T07:44:50.787+05:30 INFO  --- [nio-8081-exec-4] c.p.p.service.PropertyService : getAllProeperties() is called
2023-07-17T07:45:20.060+05:30 INFO  --- [nio-8081-exec-7] c.p.p.c.LoginController : getAllProperty is called
2023-07-17T07:45:20.061+05:30 INFO  --- [nio-8081-exec-7] c.p.p.service.PropertyService : getAllProeperties() is called
2023-07-17T07:49:19.054+05:30 INFO  --- [nio-8081-exec-9] c.p.p.c.LoginController : getAllProperty is called
2023-07-17T07:49:19.054+05:30 INFO  --- [nio-8081-exec-9] c.p.p.service.PropertyService : getAllProeperties() is called
2023-07-17T07:50:15.055+05:30 INFO  --- [io-8081-exec-10] c.p.p.c.LoginController : getAllProperty is called
2023-07-17T07:50:15.055+05:30 INFO  --- [io-8081-exec-10] c.p.p.service.PropertyService : getAllProeperties() is called
2023-07-17T07:50:56.106+05:30 INFO  --- [nio-8081-exec-2] c.p.p.c.LoginController : userLogin is called
2023-07-17T07:50:56.106+05:30 INFO  --- [nio-8081-exec-2] c.p.p.service.UserServiceImpl : userLogin() is called
2023-07-17T07:50:56.578+05:30 INFO  --- [nio-8081-exec-3] c.p.p.c.LoginController : getPropertyBuyer is called
2023-07-17T07:50:56.578+05:30 INFO  --- [nio-8081-exec-3] c.p.p.service.UserServiceImpl : getPropertyBuyer() is called
2023-07-17T07:50:56.802+05:30 INFO  --- [nio-8081-exec-4] c.p.p.c.LoginController : getPropertyBuyer is called
2023-07-17T07:50:56.802+05:30 INFO  --- [nio-8081-exec-4] c.p.p.service.UserServiceImpl : getPropertyBuyer() is called
2023-07-17T07:50:57.452+05:30 INFO  --- [nio-8081-exec-6] c.p.p.c.LoginController : getPropertyBuyer is called
2023-07-17T07:50:57.453+05:30 INFO  --- [nio-8081-exec-6] c.p.p.service.UserServiceImpl : getPropertyBuyer() is called
2023-07-17T07:50:57.533+05:30 INFO  --- [nio-8081-exec-5] c.p.p.c.LoginController : getPropertyBuyer is called
2023-07-17T07:50:57.533+05:30 INFO  --- [nio-8081-exec-5] c.p.p.service.UserServiceImpl : getPropertyBuyer() is called
2023-07-17T07:51:18.292+05:30 INFO  --- [nio-8081-exec-7] c.p.p.c.LoginController : getAllProperty is called
2023-07-17T07:51:18.292+05:30 INFO  --- [nio-8081-exec-7] c.p.p.service.PropertyService : getAllProeperties() is called
2023-07-17T07:51:18.356+05:30 INFO  --- [nio-8081-exec-8] c.p.p.c.LoginController : getAllProperty is called
2023-07-17T07:51:18.356+05:30 INFO  --- [nio-8081-exec-8] c.p.p.service.PropertyService : getAllProeperties() is called
2023-07-17T07:51:18.414+05:30 INFO  --- [nio-8081-exec-9] c.p.p.c.LoginController : getAllProperty is called
2023-07-17T07:51:18.415+05:30 INFO  --- [nio-8081-exec-9] c.p.p.service.PropertyService : getAllProeperties() is called
2023-07-17T07:51:19.601+05:30 INFO  --- [io-8081-exec-10] c.p.p.c.LoginController : getPropertyBuyer is called
2023-07-17T07:51:19.602+05:30 INFO  --- [io-8081-exec-10] c.p.p.service.UserServiceImpl : getPropertyBuyer() is called
2023-07-17T07:51:19.658+05:30 INFO  --- [nio-8081-exec-1] c.p.p.c.LoginController : getPropertyBuyer is called
2023-07-17T07:51:19.658+05:30 INFO  --- [nio-8081-exec-1] c.p.p.service.UserServiceImpl : getPropertyBuyer() is called
2023-07-17T07:51:20.880+05:30 INFO  --- [nio-8081-exec-2] c.p.p.c.LoginController : getAllProperty is called
2023-07-17T07:51:20.881+05:30 INFO  --- [nio-8081-exec-2] c.p.p.service.PropertyService : getAllProeperties() is called
2023-07-17T07:51:21.006+05:30 INFO  --- [nio-8081-exec-3] c.p.p.c.LoginController : getAllProperty is called
2023-07-17T07:51:21.007+05:30 INFO  --- [nio-8081-exec-3] c.p.p.service.PropertyService : getAllProeperties() is called
2023-07-17T07:51:21.054+05:30 INFO  --- [nio-8081-exec-4] c.p.p.c.LoginController : getAllProperty is called
2023-07-17T07:51:21.054+05:30 INFO  --- [nio-8081-exec-4] c.p.p.service.PropertyService : getAllProeperties() is called
2023-07-17T07:51:30.690+05:30 INFO  --- [nio-8081-exec-7] c.p.p.c.LoginController : getPropertyBuyer is called
2023-07-17T07:51:30.690+05:30 INFO  --- [nio-8081-exec-7] c.p.p.service.UserServiceImpl : getPropertyBuyer() is called
2023-07-17T07:51:30.732+05:30 INFO  --- [nio-8081-exec-8] c.p.p.c.LoginController : getPropertyBuyer is called
2023-07-17T07:51:30.733+05:30 INFO  --- [nio-8081-exec-8] c.p.p.service.UserServiceImpl : getPropertyBuyer() is called
2023-07-17T07:52:42.311+05:30 INFO  --- [nio-8081-exec-1] c.p.p.c.LoginController : deleteSeller is called
2023-07-17T07:52:42.311+05:30 INFO  --- [nio-8081-exec-1] c.p.p.s.SellerServiceImpl : getAllSellers() is called
2023-07-17T07:52:42.311+05:30 INFO  --- [nio-8081-exec-1] c.p.p.s.SellerServiceImpl : getAllSellers() is called
2023-07-17T07:52:42.362+05:30 INFO  --- [nio-8081-exec-1] c.p.p.service.PropertyService : deleteProperty() is called
2023-07-17T07:52:42.545+05:30 INFO  --- [nio-8081-exec-1] c.p.p.service.PropertyService : deleteProperty() is called
2023-07-17T07:52:42.569+05:30 INFO  --- [nio-8081-exec-1] c.p.p.service.PropertyService : deleteProperty() is called
2023-07-17T07:52:42.592+05:30 INFO  --- [nio-8081-exec-1] c.p.p.service.PropertyService : deleteProperty() is called
2023-07-17T07:52:42.615+05:30 INFO  --- [nio-8081-exec-1] c.p.p.service.PropertyService : deleteProperty() is called
2023-07-17T07:52:42.649+05:30 INFO  --- [nio-8081-exec-1] c.p.p.service.PropertyService : deleteProperty() is called
2023-07-17T07:52:42.677+05:30 INFO  --- [nio-8081-exec-1] c.p.p.service.PropertyService : deleteProperty() is called
2023-07-17T07:52:42.699+05:30 INFO  --- [nio-8081-exec-1] c.p.p.service.PropertyService : deleteProperty() is called
2023-07-17T07:52:42.726+05:30 INFO  --- [nio-8081-exec-1] c.p.p.service.PropertyService : deleteProperty() is called
2023-07-17T07:52:42.748+05:30 INFO  --- [nio-8081-exec-1] c.p.p.service.PropertyService : deleteProperty() is called
2023-07-17T07:52:42.772+05:30 INFO  --- [nio-8081-exec-1] c.p.p.service.PropertyService : deleteProperty() is called
2023-07-17T07:52:42.792+05:30 INFO  --- [nio-8081-exec-1] c.p.p.service.PropertyService : deleteProperty() is called
2023-07-17T07:52:42.811+05:30 INFO  --- [nio-8081-exec-1] c.p.p.service.PropertyService : deleteProperty() is called
2023-07-17T07:52:58.441+05:30 INFO  --- [nio-8081-exec-3] c.p.p.c.LoginController : getPropertyBuyer is called
2023-07-17T07:52:58.442+05:30 INFO  --- [nio-8081-exec-3] c.p.p.service.UserServiceImpl : getPropertyBuyer() is called
2023-07-17T07:52:58.462+05:30 INFO  --- [nio-8081-exec-4] c.p.p.c.LoginController : getPropertyBuyer is called
2023-07-17T07:52:58.462+05:30 INFO  --- [nio-8081-exec-4] c.p.p.service.UserServiceImpl : getPropertyBuyer() is called
2023-07-17T07:53:00.473+05:30 INFO  --- [nio-8081-exec-5] c.p.p.c.LoginController : getAllProperty is called
2023-07-17T07:53:00.473+05:30 INFO  --- [nio-8081-exec-5] c.p.p.service.PropertyService : getAllProeperties() is called
2023-07-17T07:53:00.478+05:30 WARN  --- [nio-8081-exec-5] c.p.p.service.PropertyService :  EmptyOutputException
2023-07-17T07:53:00.479+05:30 TRACE --- [nio-8081-exec-5] c.p.p.service.PropertyService : occured in getAllProeperties() function
2023-07-17T07:53:00.492+05:30 INFO  --- [nio-8081-exec-6] c.p.p.c.LoginController : getAllProperty is called
2023-07-17T07:53:00.492+05:30 INFO  --- [nio-8081-exec-6] c.p.p.service.PropertyService : getAllProeperties() is called
2023-07-17T07:53:00.501+05:30 WARN  --- [nio-8081-exec-6] c.p.p.service.PropertyService :  EmptyOutputException
2023-07-17T07:53:00.501+05:30 TRACE --- [nio-8081-exec-6] c.p.p.service.PropertyService : occured in getAllProeperties() function
2023-07-17T07:53:08.906+05:30 INFO  --- [io-8081-exec-10] c.p.p.c.LoginController : getAllProperty is called
2023-07-17T07:53:08.907+05:30 INFO  --- [io-8081-exec-10] c.p.p.service.PropertyService : getAllProeperties() is called
2023-07-17T07:53:08.916+05:30 WARN  --- [io-8081-exec-10] c.p.p.service.PropertyService :  EmptyOutputException
2023-07-17T07:53:08.916+05:30 TRACE --- [io-8081-exec-10] c.p.p.service.PropertyService : occured in getAllProeperties() function
2023-07-17T07:53:08.921+05:30 INFO  --- [nio-8081-exec-9] c.p.p.c.LoginController : getAllProperty is called
2023-07-17T07:53:08.921+05:30 INFO  --- [nio-8081-exec-9] c.p.p.service.PropertyService : getAllProeperties() is called
2023-07-17T07:53:08.926+05:30 WARN  --- [nio-8081-exec-9] c.p.p.service.PropertyService :  EmptyOutputException
2023-07-17T07:53:08.927+05:30 TRACE --- [nio-8081-exec-9] c.p.p.service.PropertyService : occured in getAllProeperties() function
2023-07-17T07:53:11.059+05:30 INFO  --- [nio-8081-exec-1] c.p.p.c.LoginController : getPropertyBuyer is called
2023-07-17T07:53:11.059+05:30 INFO  --- [nio-8081-exec-1] c.p.p.service.UserServiceImpl : getPropertyBuyer() is called
2023-07-17T07:53:11.076+05:30 INFO  --- [nio-8081-exec-2] c.p.p.c.LoginController : getPropertyBuyer is called
2023-07-17T07:53:11.078+05:30 INFO  --- [nio-8081-exec-2] c.p.p.service.UserServiceImpl : getPropertyBuyer() is called
2023-07-17T07:54:57.068+05:30 INFO  --- [nio-8081-exec-5] c.p.p.c.LoginController : getPropertyBuyer is called
2023-07-17T07:54:57.070+05:30 INFO  --- [nio-8081-exec-5] c.p.p.service.UserServiceImpl : getPropertyBuyer() is called
2023-07-17T07:55:49.041+05:30 INFO  --- [nio-8081-exec-7] c.p.p.c.LoginController : getPropertyBuyer is called
2023-07-17T07:55:49.042+05:30 INFO  --- [nio-8081-exec-7] c.p.p.service.UserServiceImpl : getPropertyBuyer() is called
2023-07-17T07:55:59.999+05:30 INFO  --- [io-8081-exec-10] c.p.p.c.LoginController : getPropertyBuyer is called
2023-07-17T07:56:00.000+05:30 INFO  --- [io-8081-exec-10] c.p.p.service.UserServiceImpl : getPropertyBuyer() is called
2023-07-17T07:57:32.245+05:30 INFO  --- [nio-8081-exec-1] c.p.p.c.LoginController : getPropertyBuyer is called
2023-07-17T07:57:32.245+05:30 INFO  --- [nio-8081-exec-1] c.p.p.service.UserServiceImpl : getPropertyBuyer() is called
2023-07-17T07:57:40.935+05:30 INFO  --- [nio-8081-exec-4] c.p.p.c.LoginController : getPropertyBuyer is called
2023-07-17T07:57:40.935+05:30 INFO  --- [nio-8081-exec-4] c.p.p.service.UserServiceImpl : getPropertyBuyer() is called
2023-07-17T07:57:45.445+05:30 INFO  --- [nio-8081-exec-3] c.p.p.c.LoginController : getPropertyBuyer is called
2023-07-17T07:57:45.445+05:30 INFO  --- [nio-8081-exec-3] c.p.p.service.UserServiceImpl : getPropertyBuyer() is called
2023-07-17T07:57:51.706+05:30 INFO  --- [nio-8081-exec-6] c.p.p.c.LoginController : getPropertyBuyer is called
2023-07-17T07:57:51.707+05:30 INFO  --- [nio-8081-exec-6] c.p.p.service.UserServiceImpl : getPropertyBuyer() is called
2023-07-17T07:58:03.319+05:30 INFO  --- [nio-8081-exec-8] c.p.p.c.LoginController : getPropertyBuyer is called
2023-07-17T07:58:03.319+05:30 INFO  --- [nio-8081-exec-8] c.p.p.service.UserServiceImpl : getPropertyBuyer() is called
2023-07-17T07:58:47.979+05:30 INFO  --- [nio-8081-exec-9] c.p.p.c.LoginController : getPropertyBuyer is called
2023-07-17T07:58:47.979+05:30 INFO  --- [nio-8081-exec-9] c.p.p.service.UserServiceImpl : getPropertyBuyer() is called
2023-07-17T07:58:57.484+05:30 INFO  --- [nio-8081-exec-1] c.p.p.c.LoginController : getPropertyBuyer is called
2023-07-17T07:58:57.484+05:30 INFO  --- [nio-8081-exec-1] c.p.p.service.UserServiceImpl : getPropertyBuyer() is called
2023-07-17T07:59:03.864+05:30 INFO  --- [nio-8081-exec-2] c.p.p.c.LoginController : getPropertyBuyer is called
2023-07-17T07:59:03.865+05:30 INFO  --- [nio-8081-exec-2] c.p.p.service.UserServiceImpl : getPropertyBuyer() is called
2023-07-17T07:59:04.955+05:30 INFO  --- [nio-8081-exec-4] c.p.p.c.LoginController : getPropertyBuyer is called
2023-07-17T07:59:04.955+05:30 INFO  --- [nio-8081-exec-4] c.p.p.service.UserServiceImpl : getPropertyBuyer() is called
2023-07-17T07:59:07.286+05:30 INFO  --- [nio-8081-exec-3] c.p.p.c.LoginController : getPropertyBuyer is called
2023-07-17T07:59:07.287+05:30 INFO  --- [nio-8081-exec-3] c.p.p.service.UserServiceImpl : getPropertyBuyer() is called
2023-07-17T07:59:13.583+05:30 INFO  --- [nio-8081-exec-5] c.p.p.c.LoginController : getPropertyBuyer is called
2023-07-17T07:59:13.583+05:30 INFO  --- [nio-8081-exec-5] c.p.p.service.UserServiceImpl : getPropertyBuyer() is called
2023-07-17T08:00:30.045+05:30 INFO  --- [nio-8081-exec-7] c.p.p.c.LoginController : getPropertyBuyer is called
2023-07-17T08:00:30.045+05:30 INFO  --- [nio-8081-exec-7] c.p.p.service.UserServiceImpl : getPropertyBuyer() is called
2023-07-17T08:00:41.061+05:30 INFO  --- [nio-8081-exec-8] c.p.p.c.LoginController : getPropertyBuyer is called
2023-07-17T08:00:41.062+05:30 INFO  --- [nio-8081-exec-8] c.p.p.service.UserServiceImpl : getPropertyBuyer() is called
2023-07-17T08:01:02.674+05:30 INFO  --- [io-8081-exec-10] c.p.p.c.LoginController : getPropertyBuyer is called
2023-07-17T08:01:02.674+05:30 INFO  --- [io-8081-exec-10] c.p.p.service.UserServiceImpl : getPropertyBuyer() is called
2023-07-17T08:03:09.044+05:30 INFO  --- [nio-8081-exec-1] c.p.p.c.LoginController : getPropertyBuyer is called
2023-07-17T08:03:09.044+05:30 INFO  --- [nio-8081-exec-1] c.p.p.service.UserServiceImpl : getPropertyBuyer() is called
2023-07-17T08:03:39.012+05:30 INFO  --- [nio-8081-exec-2] c.p.p.c.LoginController : getPropertyBuyer is called
2023-07-17T08:03:39.013+05:30 INFO  --- [nio-8081-exec-2] c.p.p.service.UserServiceImpl : getPropertyBuyer() is called
2023-07-17T08:04:34.955+05:30 INFO  --- [nio-8081-exec-4] c.p.p.c.LoginController : getPropertyBuyer is called
2023-07-17T08:04:34.957+05:30 INFO  --- [nio-8081-exec-4] c.p.p.service.UserServiceImpl : getPropertyBuyer() is called
2023-07-17T08:04:45.898+05:30 INFO  --- [nio-8081-exec-3] c.p.p.c.LoginController : getPropertyBuyer is called
2023-07-17T08:04:45.899+05:30 INFO  --- [nio-8081-exec-3] c.p.p.service.UserServiceImpl : getPropertyBuyer() is called
2023-07-17T08:05:00.948+05:30 INFO  --- [nio-8081-exec-5] c.p.p.c.LoginController : getPropertyBuyer is called
2023-07-17T08:05:00.949+05:30 INFO  --- [nio-8081-exec-5] c.p.p.service.UserServiceImpl : getPropertyBuyer() is called
2023-07-17T08:05:45.066+05:30 INFO  --- [nio-8081-exec-7] c.p.p.c.LoginController : getPropertyBuyer is called
2023-07-17T08:05:45.068+05:30 INFO  --- [nio-8081-exec-7] c.p.p.service.UserServiceImpl : getPropertyBuyer() is called
2023-07-17T08:06:04.490+05:30 INFO  --- [nio-8081-exec-8] c.p.p.c.LoginController : getPropertyBuyer is called
2023-07-17T08:06:04.490+05:30 INFO  --- [nio-8081-exec-8] c.p.p.service.UserServiceImpl : getPropertyBuyer() is called
2023-07-17T08:06:39.771+05:30 INFO  --- [io-8081-exec-10] c.p.p.c.LoginController : getPropertyBuyer is called
2023-07-17T08:06:39.771+05:30 INFO  --- [io-8081-exec-10] c.p.p.service.UserServiceImpl : getPropertyBuyer() is called
2023-07-17T08:14:33.062+05:30 INFO  --- [nio-8081-exec-1] c.p.p.c.LoginController : getPropertyBuyer is called
2023-07-17T08:14:33.063+05:30 INFO  --- [nio-8081-exec-1] c.p.p.service.UserServiceImpl : getPropertyBuyer() is called
2023-07-17T08:14:33.092+05:30 INFO  --- [nio-8081-exec-2] c.p.p.c.LoginController : getPropertyBuyer is called
2023-07-17T08:14:33.092+05:30 INFO  --- [nio-8081-exec-2] c.p.p.service.UserServiceImpl : getPropertyBuyer() is called
2023-07-17T09:04:28.820+05:30 INFO  --- [nio-8081-exec-5] c.p.p.c.LoginController : getAllProperty is called
2023-07-17T09:04:28.824+05:30 INFO  --- [nio-8081-exec-5] c.p.p.service.PropertyService : getAllProeperties() is called
2023-07-17T09:04:28.881+05:30 WARN  --- [nio-8081-exec-5] c.p.p.service.PropertyService :  EmptyOutputException
2023-07-17T09:04:28.882+05:30 TRACE --- [nio-8081-exec-5] c.p.p.service.PropertyService : occured in getAllProeperties() function
2023-07-17T09:04:28.918+05:30 INFO  --- [nio-8081-exec-6] c.p.p.c.LoginController : getAllProperty is called
2023-07-17T09:04:28.918+05:30 INFO  --- [nio-8081-exec-6] c.p.p.service.PropertyService : getAllProeperties() is called
2023-07-17T09:04:28.923+05:30 WARN  --- [nio-8081-exec-6] c.p.p.service.PropertyService :  EmptyOutputException
2023-07-17T09:04:28.923+05:30 TRACE --- [nio-8081-exec-6] c.p.p.service.PropertyService : occured in getAllProeperties() function
2023-07-17T09:04:47.604+05:30 INFO  --- [nio-8081-exec-8] c.p.p.c.LoginController : addSeller is called
2023-07-17T09:04:47.605+05:30 INFO  --- [nio-8081-exec-8] c.p.p.s.SellerServiceImpl : getAllSellers() is called
2023-07-17T09:05:12.942+05:30 INFO  --- [io-8081-exec-10] c.p.p.c.LoginController : addSeller is called
2023-07-17T09:05:12.943+05:30 INFO  --- [io-8081-exec-10] c.p.p.s.SellerServiceImpl : getAllSellers() is called
2023-07-17T09:05:31.064+05:30 INFO  --- [nio-8081-exec-2] c.p.p.c.LoginController : userLogin is called
2023-07-17T09:05:31.065+05:30 INFO  --- [nio-8081-exec-2] c.p.p.s.SellerServiceImpl : getAllSellers() is called
2023-07-17T09:05:31.309+05:30 INFO  --- [nio-8081-exec-4] c.p.p.c.LoginController : getAllProperty is called
2023-07-17T09:05:31.310+05:30 INFO  --- [nio-8081-exec-4] c.p.p.service.PropertyService : getAllProeperties() is called
2023-07-17T09:05:31.320+05:30 WARN  --- [nio-8081-exec-4] c.p.p.service.PropertyService :  EmptyOutputException
2023-07-17T09:05:31.320+05:30 TRACE --- [nio-8081-exec-4] c.p.p.service.PropertyService : occured in getAllProeperties() function
2023-07-17T09:05:31.330+05:30 INFO  --- [nio-8081-exec-3] c.p.p.c.LoginController : getAllProperty is called
2023-07-17T09:05:31.333+05:30 INFO  --- [nio-8081-exec-3] c.p.p.service.PropertyService : getAllProeperties() is called
2023-07-17T09:05:31.341+05:30 WARN  --- [nio-8081-exec-3] c.p.p.service.PropertyService :  EmptyOutputException
2023-07-17T09:05:31.341+05:30 TRACE --- [nio-8081-exec-3] c.p.p.service.PropertyService : occured in getAllProeperties() function
2023-07-17T09:05:33.567+05:30 INFO  --- [nio-8081-exec-5] c.p.p.c.LoginController : getAllProperty is called
2023-07-17T09:05:33.567+05:30 INFO  --- [nio-8081-exec-5] c.p.p.service.PropertyService : getAllProeperties() is called
2023-07-17T09:05:33.572+05:30 WARN  --- [nio-8081-exec-5] c.p.p.service.PropertyService :  EmptyOutputException
2023-07-17T09:05:33.572+05:30 TRACE --- [nio-8081-exec-5] c.p.p.service.PropertyService : occured in getAllProeperties() function
2023-07-17T09:05:33.577+05:30 INFO  --- [nio-8081-exec-6] c.p.p.c.LoginController : getAllProperty is called
2023-07-17T09:05:33.578+05:30 INFO  --- [nio-8081-exec-6] c.p.p.service.PropertyService : getAllProeperties() is called
2023-07-17T09:05:33.586+05:30 WARN  --- [nio-8081-exec-6] c.p.p.service.PropertyService :  EmptyOutputException
2023-07-17T09:05:33.586+05:30 TRACE --- [nio-8081-exec-6] c.p.p.service.PropertyService : occured in getAllProeperties() function
2023-07-17T09:06:00.051+05:30 INFO  --- [nio-8081-exec-7] c.p.p.c.LoginController : getAllProperty is called
2023-07-17T09:06:00.051+05:30 INFO  --- [nio-8081-exec-7] c.p.p.service.PropertyService : getAllProeperties() is called
2023-07-17T09:06:00.057+05:30 WARN  --- [nio-8081-exec-7] c.p.p.service.PropertyService :  EmptyOutputException
2023-07-17T09:06:00.058+05:30 TRACE --- [nio-8081-exec-7] c.p.p.service.PropertyService : occured in getAllProeperties() function
2023-07-17T09:06:00.078+05:30 INFO  --- [nio-8081-exec-8] c.p.p.c.LoginController : getAllProperty is called
2023-07-17T09:06:00.078+05:30 INFO  --- [nio-8081-exec-8] c.p.p.service.PropertyService : getAllProeperties() is called
2023-07-17T09:06:00.084+05:30 WARN  --- [nio-8081-exec-8] c.p.p.service.PropertyService :  EmptyOutputException
2023-07-17T09:06:00.084+05:30 TRACE --- [nio-8081-exec-8] c.p.p.service.PropertyService : occured in getAllProeperties() function
2023-07-17T09:06:01.473+05:30 INFO  --- [io-8081-exec-10] c.p.p.c.LoginController : getListedProperties is called
2023-07-17T09:06:01.474+05:30 INFO  --- [io-8081-exec-10] c.p.p.s.SellerServiceImpl : getAllSellers() is called
2023-07-17T09:06:01.497+05:30 INFO  --- [nio-8081-exec-9] c.p.p.c.LoginController : getListedProperties is called
2023-07-17T09:06:01.497+05:30 INFO  --- [nio-8081-exec-9] c.p.p.s.SellerServiceImpl : getAllSellers() is called
