2023-07-17 04:37:25,928 [INFO] com.propertyEye.propertySystem.PropertyEyeApplication [main] Starting PropertyEyeApplication using Java 17.0.7 with PID 16160 (D:\propertySystem\target\classes started by HP in D:\propertySystem)
2023-07-17 04:37:25,935 [INFO] com.propertyEye.propertySystem.PropertyEyeApplication [main] No active profile set, falling back to 1 default profile: "default"
2023-07-17 04:37:27,271 [INFO] org.springframework.data.repository.config.RepositoryConfigurationDelegate [main] Bootstrapping Spring Data JPA repositories in DEFAULT mode.
2023-07-17 04:37:27,435 [INFO] org.springframework.data.repository.config.RepositoryConfigurationDelegate [main] Finished Spring Data repository scanning in 117 ms. Found 3 JPA repository interfaces.
2023-07-17 04:37:28,371 [INFO] org.springframework.boot.web.embedded.tomcat.TomcatWebServer [main] Tomcat initialized with port(s): 8081 (http)
2023-07-17 04:37:28,408 [INFO] org.apache.catalina.core.StandardService [main] Starting service [Tomcat]
2023-07-17 04:37:28,412 [INFO] org.apache.catalina.core.StandardEngine [main] Starting Servlet engine: [Apache Tomcat/10.1.8]
2023-07-17 04:37:28,611 [INFO] org.apache.catalina.core.ContainerBase.[Tomcat].[localhost].[/] [main] Initializing Spring embedded WebApplicationContext
2023-07-17 04:37:28,613 [INFO] org.springframework.boot.web.servlet.context.ServletWebServerApplicationContext [main] Root WebApplicationContext: initialization completed in 2565 ms
2023-07-17 04:37:28,858 [INFO] org.hibernate.jpa.internal.util.LogHelper [main] HHH000204: Processing PersistenceUnitInfo [name: default]
2023-07-17 04:37:28,936 [INFO] org.hibernate.Version [main] HHH000412: Hibernate ORM core version 6.2.2.Final
2023-07-17 04:37:28,941 [INFO] org.hibernate.cfg.Environment [main] HHH000406: Using bytecode reflection optimizer
2023-07-17 04:37:29,138 [INFO] org.hibernate.bytecode.internal.BytecodeProviderInitiator [main] HHH000021: Bytecode provider name : bytebuddy
2023-07-17 04:37:29,341 [INFO] org.springframework.orm.jpa.persistenceunit.SpringPersistenceUnitInfo [main] No LoadTimeWeaver setup: ignoring JPA class transformer
2023-07-17 04:37:29,365 [INFO] com.zaxxer.hikari.HikariDataSource [main] HikariPool-1 - Starting...
2023-07-17 04:37:29,855 [INFO] com.zaxxer.hikari.pool.HikariPool [main] HikariPool-1 - Added connection com.mysql.cj.jdbc.ConnectionImpl@4cfc0c48
2023-07-17 04:37:29,858 [INFO] com.zaxxer.hikari.HikariDataSource [main] HikariPool-1 - Start completed.
2023-07-17 04:37:29,917 [INFO] org.hibernate.orm.dialect [main] HHH035001: Using dialect: org.hibernate.dialect.MySQL8Dialect, version: 8.0
2023-07-17 04:37:29,921 [WARN] org.hibernate.orm.deprecation [main] HHH90000026: MySQL8Dialect has been deprecated; use org.hibernate.dialect.MySQLDialect instead
2023-07-17 04:37:30,410 [INFO] org.hibernate.bytecode.internal.BytecodeProviderInitiator [main] HHH000021: Bytecode provider name : bytebuddy
2023-07-17 04:37:31,341 [INFO] org.hibernate.engine.transaction.jta.platform.internal.JtaPlatformInitiator [main] HHH000490: Using JtaPlatform implementation: [org.hibernate.engine.transaction.jta.platform.internal.NoJtaPlatform]
2023-07-17 04:37:31,472 [INFO] org.springframework.orm.jpa.LocalContainerEntityManagerFactoryBean [main] Initialized JPA EntityManagerFactory for persistence unit 'default'
2023-07-17 04:37:32,084 [INFO] org.springframework.data.jpa.repository.query.QueryEnhancerFactory [main] Hibernate is in classpath; If applicable, HQL parser will be used.
2023-07-17 04:37:32,751 [WARN] org.springframework.boot.autoconfigure.orm.jpa.JpaBaseConfiguration$JpaWebConfiguration [main] spring.jpa.open-in-view is enabled by default. Therefore, database queries may be performed during view rendering. Explicitly configure spring.jpa.open-in-view to disable this warning
2023-07-17 04:37:34,855 [INFO] org.springframework.boot.web.embedded.tomcat.TomcatWebServer [main] Tomcat started on port(s): 8081 (http) with context path ''
2023-07-17 04:37:34,870 [INFO] com.propertyEye.propertySystem.PropertyEyeApplication [main] Started PropertyEyeApplication in 9.619 seconds (process running for 10.26)
2023-07-17 04:38:20,462 [INFO] com.propertyEye.propertySystem.PropertyEyeApplication [main] Starting PropertyEyeApplication using Java 17.0.7 with PID 7344 (D:\propertySystem\target\classes started by HP in D:\propertySystem)
2023-07-17 04:38:20,469 [INFO] com.propertyEye.propertySystem.PropertyEyeApplication [main] No active profile set, falling back to 1 default profile: "default"
2023-07-17 04:38:21,770 [INFO] org.springframework.data.repository.config.RepositoryConfigurationDelegate [main] Bootstrapping Spring Data JPA repositories in DEFAULT mode.
2023-07-17 04:38:21,878 [INFO] org.springframework.data.repository.config.RepositoryConfigurationDelegate [main] Finished Spring Data repository scanning in 83 ms. Found 3 JPA repository interfaces.
2023-07-17 04:38:22,979 [INFO] org.springframework.boot.web.embedded.tomcat.TomcatWebServer [main] Tomcat initialized with port(s): 8081 (http)
2023-07-17 04:38:22,995 [INFO] org.apache.catalina.core.StandardService [main] Starting service [Tomcat]
2023-07-17 04:38:22,996 [INFO] org.apache.catalina.core.StandardEngine [main] Starting Servlet engine: [Apache Tomcat/10.1.8]
2023-07-17 04:38:23,205 [INFO] org.apache.catalina.core.ContainerBase.[Tomcat].[localhost].[/] [main] Initializing Spring embedded WebApplicationContext
2023-07-17 04:38:23,206 [INFO] org.springframework.boot.web.servlet.context.ServletWebServerApplicationContext [main] Root WebApplicationContext: initialization completed in 2638 ms
2023-07-17 04:38:23,455 [INFO] org.hibernate.jpa.internal.util.LogHelper [main] HHH000204: Processing PersistenceUnitInfo [name: default]
2023-07-17 04:38:23,525 [INFO] org.hibernate.Version [main] HHH000412: Hibernate ORM core version 6.2.2.Final
2023-07-17 04:38:23,528 [INFO] org.hibernate.cfg.Environment [main] HHH000406: Using bytecode reflection optimizer
2023-07-17 04:38:23,702 [INFO] org.hibernate.bytecode.internal.BytecodeProviderInitiator [main] HHH000021: Bytecode provider name : bytebuddy
2023-07-17 04:38:23,886 [INFO] org.springframework.orm.jpa.persistenceunit.SpringPersistenceUnitInfo [main] No LoadTimeWeaver setup: ignoring JPA class transformer
2023-07-17 04:38:23,912 [INFO] com.zaxxer.hikari.HikariDataSource [main] HikariPool-1 - Starting...
2023-07-17 04:38:24,400 [INFO] com.zaxxer.hikari.pool.HikariPool [main] HikariPool-1 - Added connection com.mysql.cj.jdbc.ConnectionImpl@75dc1c1c
2023-07-17 04:38:24,404 [INFO] com.zaxxer.hikari.HikariDataSource [main] HikariPool-1 - Start completed.
2023-07-17 04:38:24,467 [INFO] org.hibernate.orm.dialect [main] HHH035001: Using dialect: org.hibernate.dialect.MySQL8Dialect, version: 8.0
2023-07-17 04:38:24,470 [WARN] org.hibernate.orm.deprecation [main] HHH90000026: MySQL8Dialect has been deprecated; use org.hibernate.dialect.MySQLDialect instead
2023-07-17 04:38:24,935 [INFO] org.hibernate.bytecode.internal.BytecodeProviderInitiator [main] HHH000021: Bytecode provider name : bytebuddy
2023-07-17 04:38:25,857 [INFO] org.hibernate.engine.transaction.jta.platform.internal.JtaPlatformInitiator [main] HHH000490: Using JtaPlatform implementation: [org.hibernate.engine.transaction.jta.platform.internal.NoJtaPlatform]
2023-07-17 04:38:26,025 [INFO] org.springframework.orm.jpa.LocalContainerEntityManagerFactoryBean [main] Initialized JPA EntityManagerFactory for persistence unit 'default'
2023-07-17 04:38:26,648 [INFO] org.springframework.data.jpa.repository.query.QueryEnhancerFactory [main] Hibernate is in classpath; If applicable, HQL parser will be used.
2023-07-17 04:38:27,327 [WARN] org.springframework.boot.autoconfigure.orm.jpa.JpaBaseConfiguration$JpaWebConfiguration [main] spring.jpa.open-in-view is enabled by default. Therefore, database queries may be performed during view rendering. Explicitly configure spring.jpa.open-in-view to disable this warning
2023-07-17 04:38:29,232 [INFO] org.springframework.boot.web.embedded.tomcat.TomcatWebServer [main] Tomcat started on port(s): 8081 (http) with context path ''
2023-07-17 04:38:29,250 [INFO] com.propertyEye.propertySystem.PropertyEyeApplication [main] Started PropertyEyeApplication in 9.445 seconds (process running for 10.097)
2023-07-17 04:39:20,470 [INFO] org.apache.catalina.core.ContainerBase.[Tomcat].[localhost].[/] [http-nio-8081-exec-2] Initializing Spring DispatcherServlet 'dispatcherServlet'
2023-07-17 04:39:20,471 [INFO] org.springframework.web.servlet.DispatcherServlet [http-nio-8081-exec-2] Initializing Servlet 'dispatcherServlet'
2023-07-17 04:39:20,475 [INFO] org.springframework.web.servlet.DispatcherServlet [http-nio-8081-exec-2] Completed initialization in 4 ms
2023-07-17 04:39:20,575 [INFO] com.propertyEye.propertySystem.controller.LoginController [http-nio-8081-exec-2] getUserList is called
